2025-12-01 18:47:37 [main] INFO  cli.CliApplicationKt - Starting CliApplicationKt using Java 21.0.2 with PID 24302 (/Users/lars/devel/playground/learn-kotlin/cli/build/classes/kotlin/main started by lars in /Users/lars/devel/playground/learn-kotlin)
2025-12-01 18:47:37 [main] DEBUG cli.CliApplicationKt - Running with Spring Boot v4.0.0, Spring v7.0.1
2025-12-01 18:47:37 [main] INFO  cli.CliApplicationKt - No active profile set, falling back to 1 default profile: "default"
2025-12-01 18:47:38 [main] INFO  cli.CliApplicationKt - Started CliApplicationKt in 1.065 seconds (process running for 1.536)
2025-12-01 18:48:26 [main] INFO  cli.CliApplicationKt - Starting CliApplicationKt using Java 21.0.2 with PID 24330 (/Users/lars/devel/playground/learn-kotlin/cli/build/classes/kotlin/main started by lars in /Users/lars/devel/playground/learn-kotlin)
2025-12-01 18:48:26 [main] DEBUG cli.CliApplicationKt - Running with Spring Boot v4.0.0, Spring v7.0.1
2025-12-01 18:48:26 [main] INFO  cli.CliApplicationKt - No active profile set, falling back to 1 default profile: "default"
2025-12-01 18:48:26 [main] INFO  cli.CliApplicationKt - Started CliApplicationKt in 0.784 seconds (process running for 1.133)
2025-12-01 18:48:54 [main] INFO  cli.CliApplicationKt - Starting CliApplicationKt using Java 21.0.2 with PID 24352 (/Users/lars/devel/playground/learn-kotlin/cli/build/classes/kotlin/main started by lars in /Users/lars/devel/playground/learn-kotlin)
2025-12-01 18:48:54 [main] DEBUG cli.CliApplicationKt - Running with Spring Boot v4.0.0, Spring v7.0.1
2025-12-01 18:48:54 [main] INFO  cli.CliApplicationKt - No active profile set, falling back to 1 default profile: "default"
2025-12-01 18:48:55 [main] INFO  cli.CliApplicationKt - Started CliApplicationKt in 0.715 seconds (process running for 1.042)
2025-12-01 18:50:09 [main] INFO  cli.CliApplicationKt - Starting CliApplicationKt using Java 21.0.2 with PID 24409 (/Users/lars/devel/playground/learn-kotlin/cli/build/classes/kotlin/main started by lars in /Users/lars/devel/playground/learn-kotlin)
2025-12-01 18:50:09 [main] DEBUG cli.CliApplicationKt - Running with Spring Boot v4.0.0, Spring v7.0.1
2025-12-01 18:50:09 [main] INFO  cli.CliApplicationKt - No active profile set, falling back to 1 default profile: "default"
2025-12-01 18:50:09 [main] INFO  cli.CliApplicationKt - Started CliApplicationKt in 0.809 seconds (process running for 1.184)
2025-12-01 18:56:04 [main] INFO  cli.CliApplicationKt - Starting CliApplicationKt using Java 21.0.2 with PID 25019 (/Users/lars/devel/playground/learn-kotlin/cli/build/libs/cli.jar started by lars in /Users/lars/devel/playground/learn-kotlin)
2025-12-01 18:56:04 [main] DEBUG cli.CliApplicationKt - Running with Spring Boot v4.0.0, Spring v7.0.1
2025-12-01 18:56:04 [main] INFO  cli.CliApplicationKt - No active profile set, falling back to 1 default profile: "default"
2025-12-01 18:56:05 [main] INFO  cli.CliApplicationKt - Started CliApplicationKt in 0.921 seconds (process running for 1.242)
